[2023-11-20 11:17:05] local.ERROR: Property [id] does not exist on this collection instance. {"userId":3,"exception":"[object] (Exception(code: 0): Property [id] does not exist on this collection instance. at /media/spideyshine/Codetion/Microland/aya-sompo/vendor/laravel/framework/src/Illuminate/Collections/Traits/EnumeratesValues.php:969)
[stacktrace]
#0 /media/spideyshine/Codetion/Microland/aya-sompo/routes/web.php(106): Illuminate\\Support\\Collection->__get()
#1 /media/spideyshine/Codetion/Microland/aya-sompo/vendor/laravel/framework/src/Illuminate/Routing/Route.php(237): Illuminate\\Routing\\RouteFileRegistrar->{closure}()
#2 /media/spideyshine/Codetion/Microland/aya-sompo/vendor/laravel/framework/src/Illuminate/Routing/Route.php(208): Illuminate\\Routing\\Route->runCallable()
#3 /media/spideyshine/Codetion/Microland/aya-sompo/vendor/laravel/framework/src/Illuminate/Routing/Router.php(721): Illuminate\\Routing\\Route->run()
#4 /media/spideyshine/Codetion/Microland/aya-sompo/vendor/laravel/framework/src/Illuminate/Pipeline/Pipeline.php(128): Illuminate\\Routing\\Router->Illuminate\\Routing\\{closure}()
#5 /media/spideyshine/Codetion/Microland/aya-sompo/vendor/laravel/framework/src/Illuminate/Routing/Middleware/SubstituteBindings.php(50): Illuminate\\Pipeline\\Pipeline->Illuminate\\Pipeline\\{closure}()
#6 /media/spideyshine/Codetion/Microland/aya-sompo/vendor/laravel/framework/src/Illuminate/Pipeline/Pipeline.php(167): Illuminate\\Routing\\Middleware\\SubstituteBindings->handle()
#7 /media/spideyshine/Codetion/Microland/aya-sompo/vendor/laravel/framework/src/Illuminate/Foundation/Http/Middleware/VerifyCsrfToken.php(78): Illuminate\\Pipeline\\Pipeline->Illuminate\\Pipeline\\{closure}()
#8 /media/spideyshine/Codetion/Microland/aya-sompo/vendor/laravel/framework/src/Illuminate/Pipeline/Pipeline.php(167): Illuminate\\Foundation\\Http\\Middleware\\VerifyCsrfToken->handle()
#9 /media/spideyshine/Codetion/Microland/aya-sompo/vendor/laravel/framework/src/Illuminate/View/Middleware/ShareErrorsFromSession.php(49): Illuminate\\Pipeline\\Pipeline->Illuminate\\Pipeline\\{closure}()
#10 /media/spideyshine/Codetion/Microland/aya-sompo/vendor/laravel/framework/src/Illuminate/Pipeline/Pipeline.php(167): Illuminate\\View\\Middleware\\ShareErrorsFromSession->handle()
#11 /media/spideyshine/Codetion/Microland/aya-sompo/vendor/laravel/framework/src/Illuminate/Session/Middleware/StartSession.php(121): Illuminate\\Pipeline\\Pipeline->Illuminate\\Pipeline\\{closure}()
#12 /media/spideyshine/Codetion/Microland/aya-sompo/vendor/laravel/framework/src/Illuminate/Session/Middleware/StartSession.php(64): Illuminate\\Session\\Middleware\\StartSession->handleStatefulRequest()
#13 /media/spideyshine/Codetion/Microland/aya-sompo/vendor/laravel/framework/src/Illuminate/Pipeline/Pipeline.php(167): Illuminate\\Session\\Middleware\\StartSession->handle()
#14 /media/spideyshine/Codetion/Microland/aya-sompo/vendor/laravel/framework/src/Illuminate/Cookie/Middleware/AddQueuedCookiesToResponse.php(37): Illuminate\\Pipeline\\Pipeline->Illuminate\\Pipeline\\{closure}()
#15 /media/spideyshine/Codetion/Microland/aya-sompo/vendor/laravel/framework/src/Illuminate/Pipeline/Pipeline.php(167): Illuminate\\Cookie\\Middleware\\AddQueuedCookiesToResponse->handle()
#16 /media/spideyshine/Codetion/Microland/aya-sompo/vendor/laravel/framework/src/Illuminate/Cookie/Middleware/EncryptCookies.php(67): Illuminate\\Pipeline\\Pipeline->Illuminate\\Pipeline\\{closure}()
#17 /media/spideyshine/Codetion/Microland/aya-sompo/vendor/laravel/framework/src/Illuminate/Pipeline/Pipeline.php(167): Illuminate\\Cookie\\Middleware\\EncryptCookies->handle()
#18 /media/spideyshine/Codetion/Microland/aya-sompo/vendor/laravel/framework/src/Illuminate/Pipeline/Pipeline.php(103): Illuminate\\Pipeline\\Pipeline->Illuminate\\Pipeline\\{closure}()
#19 /media/spideyshine/Codetion/Microland/aya-sompo/vendor/laravel/framework/src/Illuminate/Routing/Router.php(719): Illuminate\\Pipeline\\Pipeline->then()
#20 /media/spideyshine/Codetion/Microland/aya-sompo/vendor/laravel/framework/src/Illuminate/Routing/Router.php(698): Illuminate\\Routing\\Router->runRouteWithinStack()
#21 /media/spideyshine/Codetion/Microland/aya-sompo/vendor/laravel/framework/src/Illuminate/Routing/Router.php(662): Illuminate\\Routing\\Router->runRoute()
#22 /media/spideyshine/Codetion/Microland/aya-sompo/vendor/laravel/framework/src/Illuminate/Routing/Router.php(651): Illuminate\\Routing\\Router->dispatchToRoute()
#23 /media/spideyshine/Codetion/Microland/aya-sompo/vendor/laravel/framework/src/Illuminate/Foundation/Http/Kernel.php(167): Illuminate\\Routing\\Router->dispatch()
#24 /media/spideyshine/Codetion/Microland/aya-sompo/vendor/laravel/framework/src/Illuminate/Pipeline/Pipeline.php(128): Illuminate\\Foundation\\Http\\Kernel->Illuminate\\Foundation\\Http\\{closure}()
#25 /media/spideyshine/Codetion/Microland/aya-sompo/vendor/laravel/framework/src/Illuminate/Foundation/Http/Middleware/TransformsRequest.php(21): Illuminate\\Pipeline\\Pipeline->Illuminate\\Pipeline\\{closure}()
#26 /media/spideyshine/Codetion/Microland/aya-sompo/vendor/laravel/framework/src/Illuminate/Foundation/Http/Middleware/ConvertEmptyStringsToNull.php(31): Illuminate\\Foundation\\Http\\Middleware\\TransformsRequest->handle()
#27 /media/spideyshine/Codetion/Microland/aya-sompo/vendor/laravel/framework/src/Illuminate/Pipeline/Pipeline.php(167): Illuminate\\Foundation\\Http\\Middleware\\ConvertEmptyStringsToNull->handle()
#28 /media/spideyshine/Codetion/Microland/aya-sompo/vendor/laravel/framework/src/Illuminate/Foundation/Http/Middleware/TransformsRequest.php(21): Illuminate\\Pipeline\\Pipeline->Illuminate\\Pipeline\\{closure}()
#29 /media/spideyshine/Codetion/Microland/aya-sompo/vendor/laravel/framework/src/Illuminate/Foundation/Http/Middleware/TrimStrings.php(40): Illuminate\\Foundation\\Http\\Middleware\\TransformsRequest->handle()
#30 /media/spideyshine/Codetion/Microland/aya-sompo/vendor/laravel/framework/src/Illuminate/Pipeline/Pipeline.php(167): Illuminate\\Foundation\\Http\\Middleware\\TrimStrings->handle()
#31 /media/spideyshine/Codetion/Microland/aya-sompo/vendor/laravel/framework/src/Illuminate/Foundation/Http/Middleware/ValidatePostSize.php(27): Illuminate\\Pipeline\\Pipeline->Illuminate\\Pipeline\\{closure}()
#32 /media/spideyshine/Codetion/Microland/aya-sompo/vendor/laravel/framework/src/Illuminate/Pipeline/Pipeline.php(167): Illuminate\\Foundation\\Http\\Middleware\\ValidatePostSize->handle()
#33 /media/spideyshine/Codetion/Microland/aya-sompo/vendor/laravel/framework/src/Illuminate/Foundation/Http/Middleware/PreventRequestsDuringMaintenance.php(86): Illuminate\\Pipeline\\Pipeline->Illuminate\\Pipeline\\{closure}()
#34 /media/spideyshine/Codetion/Microland/aya-sompo/vendor/laravel/framework/src/Illuminate/Pipeline/Pipeline.php(167): Illuminate\\Foundation\\Http\\Middleware\\PreventRequestsDuringMaintenance->handle()
#35 /media/spideyshine/Codetion/Microland/aya-sompo/vendor/fruitcake/laravel-cors/src/HandleCors.php(38): Illuminate\\Pipeline\\Pipeline->Illuminate\\Pipeline\\{closure}()
#36 /media/spideyshine/Codetion/Microland/aya-sompo/vendor/laravel/framework/src/Illuminate/Pipeline/Pipeline.php(167): Fruitcake\\Cors\\HandleCors->handle()
#37 /media/spideyshine/Codetion/Microland/aya-sompo/vendor/laravel/framework/src/Illuminate/Http/Middleware/TrustProxies.php(39): Illuminate\\Pipeline\\Pipeline->Illuminate\\Pipeline\\{closure}()
#38 /media/spideyshine/Codetion/Microland/aya-sompo/vendor/laravel/framework/src/Illuminate/Pipeline/Pipeline.php(167): Illuminate\\Http\\Middleware\\TrustProxies->handle()
#39 /media/spideyshine/Codetion/Microland/aya-sompo/vendor/laravel/framework/src/Illuminate/Pipeline/Pipeline.php(103): Illuminate\\Pipeline\\Pipeline->Illuminate\\Pipeline\\{closure}()
#40 /media/spideyshine/Codetion/Microland/aya-sompo/vendor/laravel/framework/src/Illuminate/Foundation/Http/Kernel.php(142): Illuminate\\Pipeline\\Pipeline->then()
#41 /media/spideyshine/Codetion/Microland/aya-sompo/vendor/laravel/framework/src/Illuminate/Foundation/Http/Kernel.php(111): Illuminate\\Foundation\\Http\\Kernel->sendRequestThroughRouter()
#42 /media/spideyshine/Codetion/Microland/aya-sompo/public/index.php(51): Illuminate\\Foundation\\Http\\Kernel->handle()
#43 /media/spideyshine/Codetion/Microland/aya-sompo/server.php(21): require_once('...')
#44 {main}
"} 
[2023-11-20 11:23:19] local.INFO: array (
  'select_customer_obj' => 
  array (
    'customer_code' => 'C000051354',
    'customer_type' => 'INDIVIDUAL',
    'customer_name' => 'ASHLEY',
    'customer_phoneno' => '09563253321',
    'customer_nrc' => '12/MAMAKA(N)564232',
  ),
  'phone_number_array' => 
  array (
    0 => '09787796698',
    1 => '0979127912',
  ),
)  
[2023-11-20 11:23:19] local.INFO: array (
  'selectCustomerObj' => 
  array (
    'customer_code' => 'C000051354',
    'customer_type' => 'INDIVIDUAL',
    'customer_name' => 'ASHLEY',
    'customer_phoneno' => '09563253321',
    'customer_nrc' => '12/MAMAKA(N)564232',
  ),
  'phones' => 
  array (
    0 => 
    array (
      'phone' => '09787796698',
      'isExist' => 
      array (
      ),
    ),
    1 => 
    array (
      'phone' => '0979127912',
      'isExist' => 
      array (
        0 => 
        array (
          'id' => 27,
          'customer_code' => 'C000051353',
          'customer_phoneno' => '0979127912',
          'user_name' => 'Spider',
        ),
        1 => 
        array (
          'id' => 28,
          'customer_code' => 'C000051353',
          'customer_phoneno' => '0979127912',
          'user_name' => 'Spidey',
        ),
      ),
    ),
  ),
)  
[2023-11-20 11:29:00] local.INFO: array (
  'select_customer_obj' => 
  array (
    'customer_code' => 'C000051354',
    'customer_type' => 'INDIVIDUAL',
    'customer_name' => 'ASHLEY',
    'customer_phoneno' => '09563253321',
    'customer_nrc' => '12/MAMAKA(N)564232',
  ),
  'phone_number_array' => 
  array (
    0 => '09787796698',
    1 => '0979127912',
  ),
)  
[2023-11-20 11:29:00] local.INFO: array (
  'selectCustomerObj' => 
  array (
    'customer_code' => 'C000051354',
    'customer_type' => 'INDIVIDUAL',
    'customer_name' => 'ASHLEY',
    'customer_phoneno' => '09563253321',
    'customer_nrc' => '12/MAMAKA(N)564232',
  ),
  'phones' => 
  array (
    0 => 
    array (
      'phone' => '09787796698',
      'isExist' => 
      array (
      ),
    ),
    1 => 
    array (
      'phone' => '0979127912',
      'isExist' => 
      array (
        0 => 
        array (
          'id' => 27,
          'customer_code' => 'C000051353',
          'customer_phoneno' => '0979127912',
          'user_name' => 'Spider',
        ),
        1 => 
        array (
          'id' => 28,
          'customer_code' => 'C000051353',
          'customer_phoneno' => '0979127912',
          'user_name' => 'Spidey',
        ),
      ),
    ),
  ),
)  
[2023-11-20 11:35:53] local.INFO: array (
  'select_customer_obj' => 
  array (
    'customer_code' => 'C000051354',
    'customer_type' => 'INDIVIDUAL',
    'customer_name' => 'ASHLEY',
    'customer_phoneno' => '09563253321',
    'customer_nrc' => '12/MAMAKA(N)564232',
  ),
  'phone_number_array' => 
  array (
    0 => '09787796698',
    1 => '0979127912',
  ),
)  
[2023-11-20 11:35:53] local.INFO: array (
  'selectCustomerObj' => 
  array (
    'customer_code' => 'C000051354',
    'customer_type' => 'INDIVIDUAL',
    'customer_name' => 'ASHLEY',
    'customer_phoneno' => '09563253321',
    'customer_nrc' => '12/MAMAKA(N)564232',
  ),
  'phones' => 
  array (
    0 => 
    array (
      'phone' => '09787796698',
      'appUsers' => 
      array (
      ),
    ),
    1 => 
    array (
      'phone' => '0979127912',
      'appUsers' => 
      array (
        0 => 
        array (
          'id' => 27,
          'customer_code' => 'C000051353',
          'customer_phoneno' => '0979127912',
          'user_name' => 'Spider',
        ),
        1 => 
        array (
          'id' => 28,
          'customer_code' => 'C000051353',
          'customer_phoneno' => '0979127912',
          'user_name' => 'Spidey',
        ),
      ),
    ),
  ),
)  
[2023-11-20 11:40:50] local.INFO: array (
  'select_customer_obj' => 
  array (
    'customer_code' => 'C000051354',
    'customer_type' => 'INDIVIDUAL',
    'customer_name' => 'ASHLEY',
    'customer_phoneno' => '09563253321',
    'customer_nrc' => '12/MAMAKA(N)564232',
  ),
  'phone_number_array' => 
  array (
    0 => '09787796698',
    1 => '0979127912',
  ),
)  
[2023-11-20 11:40:50] local.INFO: array (
  'selectCustomerObj' => 
  array (
    'customer_code' => 'C000051354',
    'customer_type' => 'INDIVIDUAL',
    'customer_name' => 'ASHLEY',
    'customer_phoneno' => '09563253321',
    'customer_nrc' => '12/MAMAKA(N)564232',
  ),
  'phones' => 
  array (
    0 => 
    array (
      'phone' => '09787796698',
      'appUsers' => 
      array (
      ),
    ),
    1 => 
    array (
      'phone' => '0979127912',
      'appUsers' => 
      array (
        0 => 
        array (
          'id' => 27,
          'customer_code' => 'C000051353',
          'customer_phoneno' => '0979127912',
          'user_name' => 'Spider',
        ),
        1 => 
        array (
          'id' => 28,
          'customer_code' => 'C000051353',
          'customer_phoneno' => '0979127912',
          'user_name' => 'Spidey',
        ),
      ),
    ),
  ),
)  
[2023-11-20 11:41:55] local.INFO: array (
  'select_customer_obj' => 
  array (
    'customer_code' => 'C000051354',
    'customer_type' => 'INDIVIDUAL',
    'customer_name' => 'ASHLEY',
    'customer_phoneno' => '09563253321',
    'customer_nrc' => '12/MAMAKA(N)564232',
  ),
  'phone_number_array' => 
  array (
    0 => '09787796698',
    1 => '0979127912',
  ),
)  
[2023-11-20 11:41:55] local.INFO: array (
  'selectCustomerObj' => 
  array (
    'customer_code' => 'C000051354',
    'customer_type' => 'INDIVIDUAL',
    'customer_name' => 'ASHLEY',
    'customer_phoneno' => '09563253321',
    'customer_nrc' => '12/MAMAKA(N)564232',
  ),
  'phones' => 
  array (
    0 => 
    array (
      'phone' => '09787796698',
      'appUsers' => 
      array (
      ),
    ),
    1 => 
    array (
      'phone' => '0979127912',
      'appUsers' => 
      array (
        0 => 
        array (
          'id' => 27,
          'customer_code' => 'C000051353',
          'customer_phoneno' => '0979127912',
          'user_name' => 'Spider',
        ),
        1 => 
        array (
          'id' => 28,
          'customer_code' => 'C000051353',
          'customer_phoneno' => '0979127912',
          'user_name' => 'Spidey',
        ),
      ),
    ),
  ),
)  
[2023-11-20 11:44:00] local.INFO: array (
  'select_customer_obj' => 
  array (
    'customer_code' => 'C000051354',
    'customer_type' => 'INDIVIDUAL',
    'customer_name' => 'ASHLEY',
    'customer_phoneno' => '09563253321',
    'customer_nrc' => '12/MAMAKA(N)564232',
  ),
  'phone_number_array' => 
  array (
    0 => '097877996698',
    1 => '0979127912',
  ),
)  
[2023-11-20 11:44:00] local.INFO: array (
  'selectCustomerObj' => 
  array (
    'customer_code' => 'C000051354',
    'customer_type' => 'INDIVIDUAL',
    'customer_name' => 'ASHLEY',
    'customer_phoneno' => '09563253321',
    'customer_nrc' => '12/MAMAKA(N)564232',
  ),
  'phones' => 
  array (
    0 => 
    array (
      'phone' => '097877996698',
      'appUsers' => 
      array (
      ),
    ),
    1 => 
    array (
      'phone' => '0979127912',
      'appUsers' => 
      array (
        0 => 
        array (
          'id' => 27,
          'customer_code' => 'C000051353',
          'customer_phoneno' => '0979127912',
          'user_name' => 'Spider',
        ),
        1 => 
        array (
          'id' => 28,
          'customer_code' => 'C000051353',
          'customer_phoneno' => '0979127912',
          'user_name' => 'Spidey',
        ),
      ),
    ),
  ),
)  
[2023-11-20 11:57:17] local.INFO: array (
  'select_customer_obj' => 
  array (
    'customer_code' => 'C000051354',
    'customer_type' => 'INDIVIDUAL',
    'customer_name' => 'ASHLEY',
    'customer_phoneno' => '09563253321',
    'customer_nrc' => '12/MAMAKA(N)564232',
  ),
  'phone_number_array' => 
  array (
    0 => '09787796698',
    1 => '0979127912',
  ),
)  
[2023-11-20 11:57:17] local.INFO: array (
  'selectCustomerObj' => 
  array (
    'customer_code' => 'C000051354',
    'customer_type' => 'INDIVIDUAL',
    'customer_name' => 'ASHLEY',
    'customer_phoneno' => '09563253321',
    'customer_nrc' => '12/MAMAKA(N)564232',
  ),
  'phones' => 
  array (
    0 => 
    array (
      'phone' => '09787796698',
      'appUsers' => 
      array (
      ),
    ),
    1 => 
    array (
      'phone' => '0979127912',
      'appUsers' => 
      array (
        0 => 
        array (
          'id' => 27,
          'customer_code' => 'C000051353',
          'customer_phoneno' => '0979127912',
          'user_name' => 'Spider',
        ),
        1 => 
        array (
          'id' => 28,
          'customer_code' => 'C000051353',
          'customer_phoneno' => '0979127912',
          'user_name' => 'Spidey',
        ),
      ),
    ),
  ),
)  
[2023-11-20 11:58:59] local.INFO: array (
  'select_customer_obj' => 
  array (
    'customer_code' => 'C000051354',
    'customer_type' => 'INDIVIDUAL',
    'customer_name' => 'ASHLEY',
    'customer_phoneno' => '09563253321',
    'customer_nrc' => '12/MAMAKA(N)564232',
  ),
  'phone_number_array' => 
  array (
    0 => '09787796698',
    1 => '0979127912',
  ),
)  
[2023-11-20 11:58:59] local.INFO: array (
  'selectCustomerObj' => 
  array (
    'customer_code' => 'C000051354',
    'customer_type' => 'INDIVIDUAL',
    'customer_name' => 'ASHLEY',
    'customer_phoneno' => '09563253321',
    'customer_nrc' => '12/MAMAKA(N)564232',
  ),
  'phones' => 
  array (
    0 => 
    array (
      'phone' => '09787796698',
      'appUsers' => 
      array (
      ),
    ),
    1 => 
    array (
      'phone' => '0979127912',
      'appUsers' => 
      array (
        0 => 
        array (
          'id' => 27,
          'customer_code' => 'C000051353',
          'customer_phoneno' => '0979127912',
          'user_name' => 'Spider',
        ),
        1 => 
        array (
          'id' => 28,
          'customer_code' => 'C000051353',
          'customer_phoneno' => '0979127912',
          'user_name' => 'Spidey',
        ),
      ),
    ),
  ),
)  
[2023-11-20 12:00:32] local.INFO: array (
  'select_customer_obj' => 
  array (
    'customer_code' => 'C000051354',
    'customer_type' => 'INDIVIDUAL',
    'customer_name' => 'ASHLEY',
    'customer_phoneno' => '09563253321',
    'customer_nrc' => '12/MAMAKA(N)564232',
  ),
  'phone_number_array' => 
  array (
    0 => '0978779777',
    1 => '0979127912',
  ),
)  
[2023-11-20 12:00:32] local.INFO: array (
  'selectCustomerObj' => 
  array (
    'customer_code' => 'C000051354',
    'customer_type' => 'INDIVIDUAL',
    'customer_name' => 'ASHLEY',
    'customer_phoneno' => '09563253321',
    'customer_nrc' => '12/MAMAKA(N)564232',
  ),
  'phones' => 
  array (
    0 => 
    array (
      'phone' => '0978779777',
      'appUsers' => 
      array (
      ),
    ),
    1 => 
    array (
      'phone' => '0979127912',
      'appUsers' => 
      array (
        0 => 
        array (
          'id' => 27,
          'customer_code' => 'C000051353',
          'customer_phoneno' => '0979127912',
          'user_name' => 'Spider',
        ),
        1 => 
        array (
          'id' => 28,
          'customer_code' => 'C000051353',
          'customer_phoneno' => '0979127912',
          'user_name' => 'Spidey',
        ),
      ),
    ),
  ),
)  
[2023-11-20 12:02:18] local.INFO: array (
  'select_customer_obj' => 
  array (
    'customer_code' => 'C000051354',
    'customer_type' => 'INDIVIDUAL',
    'customer_name' => 'ASHLEY',
    'customer_phoneno' => '09563253321',
    'customer_nrc' => '12/MAMAKA(N)564232',
  ),
  'phone_number_array' => 
  array (
    0 => '09787796698',
    1 => '0979127912',
  ),
)  
[2023-11-20 13:22:07] local.INFO: array (
  'selectCustomerObj' => 
  array (
    'customer_code' => 'C000051354',
    'customer_type' => 'INDIVIDUAL',
    'customer_name' => 'ASHLEY',
    'customer_phoneno' => '09563253321',
    'customer_nrc' => '12/MAMAKA(N)564232',
  ),
  'phones' => 
  array (
    0 => 
    array (
      'phone' => '09787796698',
      'appUsers' => 
      array (
      ),
    ),
    1 => 
    array (
      'phone' => '0979127912',
      'appUsers' => 
      array (
        0 => 
        array (
          'id' => 27,
          'customer_code' => 'C000051353',
          'customer_phoneno' => '0979127912',
          'user_name' => 'Spider',
        ),
        1 => 
        array (
          'id' => 28,
          'customer_code' => 'C000051353',
          'customer_phoneno' => '0979127912',
          'user_name' => 'Spidey',
        ),
      ),
    ),
  ),
)  
[2023-11-20 13:29:02] local.INFO: array (
  'selectCustomerObj' => 
  array (
    'customer_code' => 'C000051354',
    'customer_type' => 'INDIVIDUAL',
    'customer_name' => 'ASHLEY',
    'customer_phoneno' => '09563253321',
    'customer_nrc' => '12/MAMAKA(N)564232',
  ),
  'phones' => 
  array (
    0 => 
    array (
      'phone' => '09787796698',
      'appUsers' => 
      array (
      ),
    ),
    1 => 
    array (
      'phone' => '0979127912',
      'appUsers' => 
      array (
        0 => 
        array (
          'id' => 27,
          'customer_code' => 'C000051353',
          'customer_phoneno' => '0979127912',
          'user_name' => 'Spider',
        ),
        1 => 
        array (
          'id' => 28,
          'customer_code' => 'C000051353',
          'customer_phoneno' => '0979127912',
          'user_name' => 'Spidey',
        ),
      ),
    ),
  ),
)  
[2023-11-20 13:32:38] local.INFO: array (
  'selectCustomerObj' => 
  array (
    'customer_code' => 'C000051354',
    'customer_type' => 'INDIVIDUAL',
    'customer_name' => 'ASHLEY',
    'customer_phoneno' => '09563253321',
    'customer_nrc' => '12/MAMAKA(N)564232',
  ),
  'phones' => 
  array (
    0 => 
    array (
      'phone' => '09787796698',
      'appUsers' => 
      array (
      ),
    ),
    1 => 
    array (
      'phone' => '0979127912',
      'appUsers' => 
      array (
        0 => 
        array (
          'id' => 27,
          'customer_code' => 'C000051353',
          'customer_phoneno' => '0979127912',
          'user_name' => 'Spider',
        ),
        1 => 
        array (
          'id' => 28,
          'customer_code' => 'C000051353',
          'customer_phoneno' => '0979127912',
          'user_name' => 'Spidey',
        ),
      ),
    ),
  ),
)  
[2023-11-20 13:37:03] local.INFO: array (
  'selectCustomerObj' => 
  array (
    'customer_code' => 'C000051354',
    'customer_type' => 'INDIVIDUAL',
    'customer_name' => 'ASHLEY',
    'customer_phoneno' => '09563253321',
    'customer_nrc' => '12/MAMAKA(N)564232',
  ),
  'phones' => 
  array (
    0 => 
    array (
      'phone' => '09787796698',
      'appUsers' => 
      array (
      ),
    ),
    1 => 
    array (
      'phone' => '0979127912',
      'appUsers' => 
      array (
        0 => 
        array (
          'id' => 27,
          'customer_code' => 'C000051353',
          'customer_phoneno' => '0979127912',
          'user_name' => 'Spider',
        ),
        1 => 
        array (
          'id' => 28,
          'customer_code' => 'C000051353',
          'customer_phoneno' => '0979127912',
          'user_name' => 'Spidey',
        ),
      ),
    ),
  ),
)  
[2023-11-20 13:39:40] local.INFO: array (
  'selectCustomerObj' => 
  array (
    'customer_code' => 'C000051354',
    'customer_type' => 'INDIVIDUAL',
    'customer_name' => 'ASHLEY',
    'customer_phoneno' => '09563253321',
    'customer_nrc' => '12/MAMAKA(N)564232',
  ),
  'phones' => 
  array (
    0 => 
    array (
      'phone' => '09787796698',
      'appUsers' => 
      array (
      ),
    ),
    1 => 
    array (
      'phone' => '0979127912',
      'appUsers' => 
      array (
        0 => 
        array (
          'id' => 27,
          'customer_code' => 'C000051353',
          'customer_phoneno' => '0979127912',
          'user_name' => 'Spider',
        ),
        1 => 
        array (
          'id' => 28,
          'customer_code' => 'C000051353',
          'customer_phoneno' => '0979127912',
          'user_name' => 'Spidey',
        ),
      ),
    ),
  ),
)  
[2023-11-20 13:40:36] local.INFO: array (
  'selectCustomerObj' => 
  array (
    'customer_code' => 'C000051354',
    'customer_type' => 'INDIVIDUAL',
    'customer_name' => 'ASHLEY',
    'customer_phoneno' => '09563253321',
    'customer_nrc' => '12/MAMAKA(N)564232',
  ),
  'phones' => 
  array (
    0 => 
    array (
      'phone' => '09787796698',
      'appUsers' => 
      array (
      ),
    ),
    1 => 
    array (
      'phone' => '0979127912',
      'appUsers' => 
      array (
        0 => 
        array (
          'id' => 27,
          'customer_code' => 'C000051353',
          'customer_phoneno' => '0979127912',
          'user_name' => 'Spider',
        ),
        1 => 
        array (
          'id' => 28,
          'customer_code' => 'C000051353',
          'customer_phoneno' => '0979127912',
          'user_name' => 'Spidey',
        ),
      ),
    ),
  ),
)  
[2023-11-20 13:41:00] local.INFO: array (
  'selectCustomerObj' => 
  array (
    'customer_code' => 'C000051354',
    'customer_type' => 'INDIVIDUAL',
    'customer_name' => 'ASHLEY',
    'customer_phoneno' => '09563253321',
    'customer_nrc' => '12/MAMAKA(N)564232',
  ),
  'phones' => 
  array (
    0 => 
    array (
      'phone' => '09787796698',
      'appUsers' => 
      array (
      ),
    ),
    1 => 
    array (
      'phone' => '0979127912',
      'appUsers' => 
      array (
        0 => 
        array (
          'id' => 27,
          'customer_code' => 'C000051353',
          'customer_phoneno' => '0979127912',
          'user_name' => 'Spider',
        ),
        1 => 
        array (
          'id' => 28,
          'customer_code' => 'C000051353',
          'customer_phoneno' => '0979127912',
          'user_name' => 'Spidey',
        ),
      ),
    ),
  ),
)  
[2023-11-20 13:43:20] local.INFO: array (
  'selectCustomerObj' => 
  array (
    'customer_code' => 'C000051354',
    'customer_type' => 'INDIVIDUAL',
    'customer_name' => 'ASHLEY',
    'customer_phoneno' => '09563253321',
    'customer_nrc' => '12/MAMAKA(N)564232',
  ),
  'phones' => 
  array (
    0 => 
    array (
      'phone' => '09787796698',
      'appUsers' => 
      array (
      ),
    ),
    1 => 
    array (
      'phone' => '0979127912',
      'appUsers' => 
      array (
        0 => 
        array (
          'id' => 27,
          'customer_code' => 'C000051353',
          'customer_phoneno' => '0979127912',
          'user_name' => 'Spider',
        ),
        1 => 
        array (
          'id' => 28,
          'customer_code' => 'C000051353',
          'customer_phoneno' => '0979127912',
          'user_name' => 'Spidey',
        ),
      ),
    ),
  ),
)  
[2023-11-20 13:45:06] local.INFO: array (
  'selectCustomerObj' => 
  array (
    'customer_code' => 'C000051354',
    'customer_type' => 'INDIVIDUAL',
    'customer_name' => 'ASHLEY',
    'customer_phoneno' => '09563253321',
    'customer_nrc' => '12/MAMAKA(N)564232',
  ),
  'phones' => 
  array (
    0 => 
    array (
      'phone' => '09787796698',
      'appUsers' => 
      array (
      ),
    ),
    1 => 
    array (
      'phone' => '0979127912',
      'appUsers' => 
      array (
        0 => 
        array (
          'id' => 27,
          'customer_code' => 'C000051353',
          'customer_phoneno' => '0979127912',
          'user_name' => 'Spider',
        ),
        1 => 
        array (
          'id' => 28,
          'customer_code' => 'C000051353',
          'customer_phoneno' => '0979127912',
          'user_name' => 'Spidey',
        ),
      ),
    ),
  ),
)  
[2023-11-20 13:46:45] local.INFO: array (
  'selectCustomerObj' => 
  array (
    'customer_code' => 'C000051354',
    'customer_type' => 'INDIVIDUAL',
    'customer_name' => 'ASHLEY',
    'customer_phoneno' => '09563253321',
    'customer_nrc' => '12/MAMAKA(N)564232',
  ),
  'phones' => 
  array (
    0 => 
    array (
      'phone' => '09787796698',
      'appUsers' => 
      array (
      ),
    ),
    1 => 
    array (
      'phone' => '0979127912',
      'appUsers' => 
      array (
        0 => 
        array (
          'id' => 27,
          'customer_code' => 'C000051353',
          'customer_phoneno' => '0979127912',
          'user_name' => 'Spider',
        ),
        1 => 
        array (
          'id' => 28,
          'customer_code' => 'C000051353',
          'customer_phoneno' => '0979127912',
          'user_name' => 'Spidey',
        ),
      ),
    ),
  ),
)  
